X,Y,Z
0.01,0.02,0.05
0.01,0.02,0.05
0.01,0.02,0.05
0.02,0.02,0.06
0.02,0.02,0.06
0.02,0.02,0.06
0.02,0.02,0.06
0.03,0.02,0.06
0.03,0.02,0.06
0.03,0.02,0.06
0.03,0.02,0.06
0.07,0.03,0.06
0.07,0.03,0.06
0.07,0.03,0.06
0.07,0.03,0.06
0.14,0.03,0.06
0.14,0.03,0.06
0.14,0.03,0.06
0.14,0.03,0.06
0.24,0.03,0.06
0.24,0.03,0.06
0.24,0.03,0.06
0.24,0.03,0.06
0.37,0.04,0.05
0.37,0.04,0.05
0.37,0.04,0.05
0.37,0.04,0.05
0.52,0.04,0.05
0.52,0.04,0.05
0.52,0.04,0.05
0.52,0.04,0.05
0.67,0.05,0.04
0.67,0.05,0.04
0.67,0.05,0.04
0.67,0.05,0.04
0.82,0.05,0.04
0.82,0.05,0.04
0.82,0.05,0.04
0.82,0.05,0.04
0.96,0.05,0.03
0.96,0.05,0.03
0.96,0.05,0.03
0.96,0.05,0.03
1.12,0.06,0.03
1.12,0.06,0.03
1.12,0.06,0.03
1.12,0.06,0.03
1.28,0.06,0.03
1.28,0.06,0.03
1.28,0.06,0.03
1.28,0.06,0.03
1.41,0.08,0.07
1.41,0.08,0.07
1.41,0.08,0.07
1.41,0.08,0.07
1.53,0.13,0.12
1.53,0.13,0.12
1.53,0.13,0.12
1.53,0.13,0.12
1.61,0.21,0.2
1.61,0.21,0.2
1.61,0.21,0.2
1.61,0.21,0.2
1.67,0.33,0.27
1.67,0.33,0.27
1.67,0.33,0.27
1.67,0.33,0.27
1.72,0.44,0.31
1.72,0.44,0.31
1.72,0.44,0.31
1.72,0.44,0.31
1.79,0.54,0.32
1.79,0.54,0.32
1.79,0.54,0.32
1.79,0.54,0.32
1.88,0.61,0.32
1.88,0.61,0.32
1.88,0.61,0.32
1.88,0.61,0.32
1.99,0.64,0.31
1.99,0.64,0.31
1.99,0.64,0.31
1.99,0.64,0.31
2.12,0.65,0.29
2.12,0.65,0.29
2.12,0.65,0.29
2.12,0.65,0.29
2.26,0.63,0.27
2.26,0.63,0.27
2.26,0.63,0.27
2.26,0.63,0.27
2.4,0.58,0.26
2.4,0.58,0.26
2.4,0.58,0.26
2.4,0.58,0.26
2.53,0.52,0.24
2.53,0.52,0.24
2.53,0.52,0.24
2.53,0.52,0.24
2.64,0.46,0.23
2.64,0.46,0.23
